Using pre-set license
Built from '2021.1/staging' branch; Version is '2021.1.21f1 (f2d5d3c59f8c) revision 15914451'; Using compiler version '192528614'; Build Type 'Release'
OS: 'Windows 10 Home; OS build 19043.1320; Version 2009; 64bit' Language: 'en' Physical Memory: 16173 MB
BatchMode: 1, IsHumanControllingUs: 0, StartBugReporterOnCrash: 0, Is64bit: 1, IsPro: 0

COMMAND LINE ARGUMENTS:
C:\Program Files\Unity\Hub\Editor\2021.1.21f1\Editor\Unity.exe
-adb2
-batchMode
-noUpm
-name
AssetImportWorker0
-projectPath
C:/Users/Evan/Documents/GitHub/Week10/Week10
-logFile
Logs/AssetImportWorker0.log
-srvPort
50504
Successfully changed project path to: C:/Users/Evan/Documents/GitHub/Week10/Week10
C:/Users/Evan/Documents/GitHub/Week10/Week10
Using Asset Import Pipeline V2.
Refreshing native plugins compatible for Editor in 36.65 ms, found 2 plugins.
Preloading 0 native plugins for Editor in 0.00 ms.
Initialize engine version: 2021.1.21f1 (f2d5d3c59f8c)
[Subsystems] Discovering subsystems at path C:/Program Files/Unity/Hub/Editor/2021.1.21f1/Editor/Data/Resources/UnitySubsystems
[Subsystems] Discovering subsystems at path C:/Users/Evan/Documents/GitHub/Week10/Week10/Assets
GfxDevice: creating device client; threaded=0; jobified=0
Direct3D:
    Version:  Direct3D 11.0 [level 11.1]
    Renderer: NVIDIA GeForce RTX 2070 with Max-Q Design (ID=0x1f10)
    Vendor:   NVIDIA
    VRAM:     8031 MB
    Driver:   30.0.14.7212
Initialize mono
Mono path[0] = 'C:/Program Files/Unity/Hub/Editor/2021.1.21f1/Editor/Data/Managed'
Mono path[1] = 'C:/Program Files/Unity/Hub/Editor/2021.1.21f1/Editor/Data/MonoBleedingEdge/lib/mono/unityjit'
Mono config path = 'C:/Program Files/Unity/Hub/Editor/2021.1.21f1/Editor/Data/MonoBleedingEdge/etc'
Using monoOptions --debugger-agent=transport=dt_socket,embedding=1,server=y,suspend=n,address=127.0.0.1:56504
Begin MonoManager ReloadAssembly
Registering precompiled unity dll's ...
Register platform support module: C:/Program Files/Unity/Hub/Editor/2021.1.21f1/Editor/Data/PlaybackEngines/WindowsStandaloneSupport/UnityEditor.WindowsStandalone.Extensions.dll
Registered in 0.001981 seconds.
Native extension for WindowsStandalone target not found
Refreshing native plugins compatible for Editor in 26.96 ms, found 2 plugins.
Preloading 0 native plugins for Editor in 0.00 ms.
Mono: successfully reloaded assembly
- Completed reload, in  1.039 seconds
Domain Reload Profiling:
	ReloadAssembly (1039ms)
		BeginReloadAssembly (63ms)
			ExecutionOrderSort (0ms)
			DisableScriptedObjects (0ms)
			BackupInstance (0ms)
			ReleaseScriptingObjects (0ms)
			CreateAndSetChildDomain (1ms)
		EndReloadAssembly (386ms)
			LoadAssemblies (61ms)
			RebuildTransferFunctionScriptingTraits (0ms)
			SetupTypeCache (155ms)
			ReleaseScriptCaches (0ms)
			RebuildScriptCaches (30ms)
			SetupLoadedEditorAssemblies (157ms)
				LogAssemblyErrors (0ms)
				InitializePlatformSupportModulesInManaged (6ms)
				SetLoadedEditorAssemblies (0ms)
				RefreshPlugins (27ms)
				BeforeProcessingInitializeOnLoad (1ms)
				ProcessInitializeOnLoadAttributes (93ms)
				ProcessInitializeOnLoadMethodAttributes (30ms)
				AfterProcessingInitializeOnLoad (0ms)
				EditorAssembliesLoaded (0ms)
			ExecutionOrderSort2 (0ms)
			AwakeInstancesAfterBackupRestoration (0ms)
Platform modules already initialized, skipping
Registering precompiled user dll's ...
Registered in 0.002916 seconds.
Begin MonoManager ReloadAssembly
Native extension for WindowsStandalone target not found
Refreshing native plugins compatible for Editor in 0.27 ms, found 2 plugins.
Preloading 0 native plugins for Editor in 0.00 ms.
Mono: successfully reloaded assembly
- Completed reload, in  0.955 seconds
Domain Reload Profiling:
	ReloadAssembly (956ms)
		BeginReloadAssembly (152ms)
			ExecutionOrderSort (0ms)
			DisableScriptedObjects (5ms)
			BackupInstance (0ms)
			ReleaseScriptingObjects (0ms)
			CreateAndSetChildDomain (19ms)
		EndReloadAssembly (746ms)
			LoadAssemblies (87ms)
			RebuildTransferFunctionScriptingTraits (0ms)
			SetupTypeCache (267ms)
			ReleaseScriptCaches (0ms)
			RebuildScriptCaches (39ms)
			SetupLoadedEditorAssemblies (268ms)
				LogAssemblyErrors (0ms)
				InitializePlatformSupportModulesInManaged (5ms)
				SetLoadedEditorAssemblies (0ms)
				RefreshPlugins (0ms)
				BeforeProcessingInitializeOnLoad (45ms)
				ProcessInitializeOnLoadAttributes (206ms)
				ProcessInitializeOnLoadMethodAttributes (4ms)
				AfterProcessingInitializeOnLoad (7ms)
				EditorAssembliesLoaded (0ms)
			ExecutionOrderSort2 (0ms)
			AwakeInstancesAfterBackupRestoration (7ms)
Platform modules already initialized, skipping
========================================================================
Worker process is ready to serve import requests
Launched and connected shader compiler UnityShaderCompiler.exe after 0.08 seconds
Refreshing native plugins compatible for Editor in 0.31 ms, found 2 plugins.
Preloading 0 native plugins for Editor in 0.00 ms.
Unloading 1435 Unused Serialized files (Serialized files now loaded: 0)
System memory in use before: 66.8 MB.
System memory in use after: 66.9 MB.

Unloading 16 unused Assets to reduce memory usage. Loaded Objects now: 1885.
Total: 3.368600 ms (FindLiveObjects: 0.137800 ms CreateObjectMapping: 0.050300 ms MarkObjects: 3.121900 ms  DeleteObjects: 0.057600 ms)

AssetImportParameters requested are different than current active one (requested -> active):
  custom:framework-win-MediaFoundation: 216162199b28c13a410421893ffa2e32 -> 
  custom:video-decoder-ogg-theora: a1e56fd34408186e4bbccfd4996cb3dc -> 
  custom:container-muxer-webm: aa71ff27fc2769a1b78a27578f13a17b -> 
  custom:container-demuxer-webm: 4f35f7cbe854078d1ac9338744f61a02 -> 
  custom:container-demuxer-ogg: 62fdf1f143b41e24485cea50d1cbac27 -> 
  custom:video-encoder-webm-vp8: eb34c28f22e8b96e1ab97ce403110664 -> 
  custom:video-codec-MediaFoundation-h265: 746d11721c4dcdbdad8f713fa42b33f4 -> 
  custom:video-decoder-webm-vp8: 9c59270c3fd7afecdb556c50c9e8de78 -> 
  custom:audio-decoder-ogg-vorbis: bf7c407c2cedff20999df2af8eb42d56 -> 
  custom:audio-encoder-webm-vorbis: bf7c407c2cedff20999df2af8eb42d56 -> 
========================================================================
Received Import Request.
  path: Assets/Example01 - Basics
  artifactKey: Guid(681462158618ff14eb5993e39e8d0f19) Importer(815301076,1909f56bfc062723c751e8b465ee728b)
Start importing Assets/Example01 - Basics using Guid(681462158618ff14eb5993e39e8d0f19) Importer(815301076,1909f56bfc062723c751e8b465ee728b)  -> (artifact id: '748aae2086e2f9d3e2759a9df1747794') in 0.014648 seconds 
========================================================================
Received Import Request.
  Time since last request: 0.000348 seconds.
  path: Assets/Example01 - Basics/Level.fbx
  artifactKey: Guid(172276cc9c6eac545ac9183214a11a68) Importer(815301076,1909f56bfc062723c751e8b465ee728b)
Start importing Assets/Example01 - Basics/Level.fbx using Guid(172276cc9c6eac545ac9183214a11a68) Importer(815301076,1909f56bfc062723c751e8b465ee728b)  -> (artifact id: '4f2a022043932729303e1baf26576bad') in 0.368842 seconds 
========================================================================
Received Import Request.
  Time since last request: 0.000247 seconds.
  path: Assets/Example01 - Basics/NavMesh-NavMesh Surface.asset
  artifactKey: Guid(1e0c785f02ae64dc2b0a0d1e27220a04) Importer(815301076,1909f56bfc062723c751e8b465ee728b)
Start importing Assets/Example01 - Basics/NavMesh-NavMesh Surface.asset using Guid(1e0c785f02ae64dc2b0a0d1e27220a04) Importer(815301076,1909f56bfc062723c751e8b465ee728b)  -> (artifact id: '9564f9ecc41ecc6e2b7ccd8cb3f571a5') in 0.008591 seconds 
========================================================================
Received Import Request.
  Time since last request: 0.000194 seconds.
  path: Assets/Example01 - Basics/NavMesh.asset
  artifactKey: Guid(f2eab4fc91203410986f36493d49a814) Importer(815301076,1909f56bfc062723c751e8b465ee728b)
Start importing Assets/Example01 - Basics/NavMesh.asset using Guid(f2eab4fc91203410986f36493d49a814) Importer(815301076,1909f56bfc062723c751e8b465ee728b)  -> (artifact id: 'ebbb3d9125e87c22ff8a2c5f217f3f7e') in 0.007956 seconds 
========================================================================
Received Import Request.
  Time since last request: 6.141571 seconds.
  path: Assets/Scenes/SampleScene.unity
  artifactKey: Guid(9fc0d4010bbf28b4594072e72b8655ab) Importer(815301076,1909f56bfc062723c751e8b465ee728b)
Start importing Assets/Scenes/SampleScene.unity using Guid(9fc0d4010bbf28b4594072e72b8655ab) Importer(815301076,1909f56bfc062723c751e8b465ee728b)  -> (artifact id: 'dcc088d1731b590f9572c6f2bab98c6a') in 0.006915 seconds 
========================================================================
Received Import Request.
  Time since last request: 43.023568 seconds.
  path: Assets/Example01 - Basics/Materials
  artifactKey: Guid(ae0ed63b2453e1146bdd4d6e616fe315) Importer(815301076,1909f56bfc062723c751e8b465ee728b)
Start importing Assets/Example01 - Basics/Materials using Guid(ae0ed63b2453e1146bdd4d6e616fe315) Importer(815301076,1909f56bfc062723c751e8b465ee728b)  -> (artifact id: 'df4547954517be44fd3543457536e547') in 0.006576 seconds 
========================================================================
Received Import Request.
  Time since last request: 33.628909 seconds.
  path: Assets/Example03 - Runtime/Player.prefab
  artifactKey: Guid(24a16ae1cdc113a4fbe8be04672f1592) Importer(815301076,1909f56bfc062723c751e8b465ee728b)
Start importing Assets/Example03 - Runtime/Player.prefab using Guid(24a16ae1cdc113a4fbe8be04672f1592) Importer(815301076,1909f56bfc062723c751e8b465ee728b)  -> (artifact id: '55af108685c8da154f1b1a8ecd07e19a') in 0.017054 seconds 
========================================================================
Received Import Request.
  Time since last request: 0.000218 seconds.
  path: Assets/Example03 - Runtime/Wall.prefab
  artifactKey: Guid(50c2b0c5c4d64eb499af91a6741150ea) Importer(815301076,1909f56bfc062723c751e8b465ee728b)
Start importing Assets/Example03 - Runtime/Wall.prefab using Guid(50c2b0c5c4d64eb499af91a6741150ea) Importer(815301076,1909f56bfc062723c751e8b465ee728b)  -> (artifact id: '89246ef7c58487b2644129c2273d2df5') in 0.013258 seconds 
========================================================================
Received Import Request.
  Time since last request: 3.985022 seconds.
  path: Assets/Scripts/SimpleNavMeshController.cs
  artifactKey: Guid(ace33e94898144e6d8a1584d914d79c7) Importer(815301076,1909f56bfc062723c751e8b465ee728b)
Start importing Assets/Scripts/SimpleNavMeshController.cs using Guid(ace33e94898144e6d8a1584d914d79c7) Importer(815301076,1909f56bfc062723c751e8b465ee728b)  -> (artifact id: 'b9339cda936528d8a9e64031932be62c') in 0.016564 seconds 
========================================================================
Received Prepare
Registering precompiled user dll's ...
Registered in 0.002963 seconds.
Begin MonoManager ReloadAssembly
Native extension for WindowsStandalone target not found
Refreshing native plugins compatible for Editor in 0.26 ms, found 2 plugins.
Preloading 0 native plugins for Editor in 0.00 ms.
Mono: successfully reloaded assembly
- Completed reload, in  0.876 seconds
Domain Reload Profiling:
	ReloadAssembly (876ms)
		BeginReloadAssembly (118ms)
			ExecutionOrderSort (0ms)
			DisableScriptedObjects (4ms)
			BackupInstance (0ms)
			ReleaseScriptingObjects (0ms)
			CreateAndSetChildDomain (30ms)
		EndReloadAssembly (700ms)
			LoadAssemblies (84ms)
			RebuildTransferFunctionScriptingTraits (0ms)
			SetupTypeCache (252ms)
			ReleaseScriptCaches (1ms)
			RebuildScriptCaches (40ms)
			SetupLoadedEditorAssemblies (243ms)
				LogAssemblyErrors (0ms)
				InitializePlatformSupportModulesInManaged (5ms)
				SetLoadedEditorAssemblies (0ms)
				RefreshPlugins (0ms)
				BeforeProcessingInitializeOnLoad (41ms)
				ProcessInitializeOnLoadAttributes (185ms)
				ProcessInitializeOnLoadMethodAttributes (4ms)
				AfterProcessingInitializeOnLoad (7ms)
				EditorAssembliesLoaded (0ms)
			ExecutionOrderSort2 (0ms)
			AwakeInstancesAfterBackupRestoration (7ms)
Platform modules already initialized, skipping
Refreshing native plugins compatible for Editor in 0.26 ms, found 2 plugins.
Preloading 0 native plugins for Editor in 0.00 ms.
Unloading 1429 Unused Serialized files (Serialized files now loaded: 0)
System memory in use before: 70.7 MB.
System memory in use after: 70.8 MB.

Unloading 12 unused Assets to reduce memory usage. Loaded Objects now: 1899.
Total: 2.499700 ms (FindLiveObjects: 0.104800 ms CreateObjectMapping: 0.036700 ms MarkObjects: 2.342300 ms  DeleteObjects: 0.015100 ms)

AssetImportParameters requested are different than current active one (requested -> active):
  custom:framework-win-MediaFoundation: 216162199b28c13a410421893ffa2e32 -> 
  custom:video-decoder-ogg-theora: a1e56fd34408186e4bbccfd4996cb3dc -> 
  custom:container-muxer-webm: aa71ff27fc2769a1b78a27578f13a17b -> 
  custom:container-demuxer-webm: 4f35f7cbe854078d1ac9338744f61a02 -> 
  custom:container-demuxer-ogg: 62fdf1f143b41e24485cea50d1cbac27 -> 
  custom:video-encoder-webm-vp8: eb34c28f22e8b96e1ab97ce403110664 -> 
  custom:video-codec-MediaFoundation-h265: 746d11721c4dcdbdad8f713fa42b33f4 -> 
  custom:video-decoder-webm-vp8: 9c59270c3fd7afecdb556c50c9e8de78 -> 
  custom:audio-decoder-ogg-vorbis: bf7c407c2cedff20999df2af8eb42d56 -> 
  custom:audio-encoder-webm-vorbis: bf7c407c2cedff20999df2af8eb42d56 -> 
========================================================================
Received Import Request.
  Time since last request: 79.566837 seconds.
  path: Assets/Scenes/SampleScene.unity
  artifactKey: Guid(9fc0d4010bbf28b4594072e72b8655ab) Importer(815301076,1909f56bfc062723c751e8b465ee728b)
Start importing Assets/Scenes/SampleScene.unity using Guid(9fc0d4010bbf28b4594072e72b8655ab) Importer(815301076,1909f56bfc062723c751e8b465ee728b)  -> (artifact id: 'e524cb767e0c7aee53998507a9b653db') in 0.010302 seconds 
========================================================================
Received Import Request.
  Time since last request: 27.614875 seconds.
  path: Assets/Example01 - Basics.unity
  artifactKey: Guid(d027fe1a77511c544ad7d118a03fcb22) Importer(815301076,1909f56bfc062723c751e8b465ee728b)
Start importing Assets/Example01 - Basics.unity using Guid(d027fe1a77511c544ad7d118a03fcb22) Importer(815301076,1909f56bfc062723c751e8b465ee728b)  -> (artifact id: 'c49ec411b45735600b5fbcb466b2bcb4') in 0.006877 seconds 
========================================================================
Received Prepare
Registering precompiled user dll's ...
Registered in 0.003297 seconds.
Begin MonoManager ReloadAssembly
Native extension for WindowsStandalone target not found
Refreshing native plugins compatible for Editor in 0.30 ms, found 2 plugins.
Preloading 0 native plugins for Editor in 0.00 ms.
Mono: successfully reloaded assembly
- Completed reload, in  0.945 seconds
Domain Reload Profiling:
	ReloadAssembly (945ms)
		BeginReloadAssembly (111ms)
			ExecutionOrderSort (0ms)
			DisableScriptedObjects (5ms)
			BackupInstance (0ms)
			ReleaseScriptingObjects (0ms)
			CreateAndSetChildDomain (32ms)
		EndReloadAssembly (774ms)
			LoadAssemblies (87ms)
			RebuildTransferFunctionScriptingTraits (0ms)
			SetupTypeCache (268ms)
			ReleaseScriptCaches (1ms)
			RebuildScriptCaches (36ms)
			SetupLoadedEditorAssemblies (280ms)
				LogAssemblyErrors (0ms)
				InitializePlatformSupportModulesInManaged (5ms)
				SetLoadedEditorAssemblies (0ms)
				RefreshPlugins (0ms)
				BeforeProcessingInitializeOnLoad (40ms)
				ProcessInitializeOnLoadAttributes (223ms)
				ProcessInitializeOnLoadMethodAttributes (5ms)
				AfterProcessingInitializeOnLoad (7ms)
				EditorAssembliesLoaded (0ms)
			ExecutionOrderSort2 (0ms)
			AwakeInstancesAfterBackupRestoration (9ms)
Platform modules already initialized, skipping
Refreshing native plugins compatible for Editor in 0.28 ms, found 2 plugins.
Preloading 0 native plugins for Editor in 0.00 ms.
Unloading 1429 Unused Serialized files (Serialized files now loaded: 0)
System memory in use before: 70.7 MB.
System memory in use after: 70.8 MB.

Unloading 11 unused Assets to reduce memory usage. Loaded Objects now: 1901.
Total: 2.615400 ms (FindLiveObjects: 0.132300 ms CreateObjectMapping: 0.051000 ms MarkObjects: 2.418200 ms  DeleteObjects: 0.012800 ms)

AssetImportParameters requested are different than current active one (requested -> active):
  custom:framework-win-MediaFoundation: 216162199b28c13a410421893ffa2e32 -> 
  custom:video-decoder-ogg-theora: a1e56fd34408186e4bbccfd4996cb3dc -> 
  custom:container-muxer-webm: aa71ff27fc2769a1b78a27578f13a17b -> 
  custom:container-demuxer-webm: 4f35f7cbe854078d1ac9338744f61a02 -> 
  custom:container-demuxer-ogg: 62fdf1f143b41e24485cea50d1cbac27 -> 
  custom:video-encoder-webm-vp8: eb34c28f22e8b96e1ab97ce403110664 -> 
  custom:video-codec-MediaFoundation-h265: 746d11721c4dcdbdad8f713fa42b33f4 -> 
  custom:video-decoder-webm-vp8: 9c59270c3fd7afecdb556c50c9e8de78 -> 
  custom:audio-decoder-ogg-vorbis: bf7c407c2cedff20999df2af8eb42d56 -> 
  custom:audio-encoder-webm-vorbis: bf7c407c2cedff20999df2af8eb42d56 -> 
========================================================================
Received Import Request.
  Time since last request: 39.117980 seconds.
  path: Assets/Example01 - BasicsSettings.lighting
  artifactKey: Guid(ae89b85ab49a2412fb6808224fab34e2) Importer(815301076,1909f56bfc062723c751e8b465ee728b)
Start importing Assets/Example01 - BasicsSettings.lighting using Guid(ae89b85ab49a2412fb6808224fab34e2) Importer(815301076,1909f56bfc062723c751e8b465ee728b) LightingSettings: switching bake backend from 1 to 0.
 -> (artifact id: '036f1255455e266ffd575f5d26411fad') in 0.016611 seconds 
========================================================================
Received Import Request.
  Time since last request: 9.325186 seconds.
  path: Assets/Example02 - Obstacles.unity
  artifactKey: Guid(15808f7fbd554c14d8971512aec98bef) Importer(815301076,1909f56bfc062723c751e8b465ee728b)
Start importing Assets/Example02 - Obstacles.unity using Guid(15808f7fbd554c14d8971512aec98bef) Importer(815301076,1909f56bfc062723c751e8b465ee728b)  -> (artifact id: '7aa068e89a1e63c0d6a09419009322f2') in 0.006373 seconds 
========================================================================
Received Import Request.
  Time since last request: 27.763638 seconds.
  path: Assets/Example03 - Runtime.unity
  artifactKey: Guid(3b7d1a8aea3e8e544bbd87836cfae60e) Importer(815301076,1909f56bfc062723c751e8b465ee728b)
Start importing Assets/Example03 - Runtime.unity using Guid(3b7d1a8aea3e8e544bbd87836cfae60e) Importer(815301076,1909f56bfc062723c751e8b465ee728b)  -> (artifact id: '731ea59b941feb320810cb7bb125d866') in 0.007116 seconds 
========================================================================
Received Import Request.
  Time since last request: 4.132610 seconds.
  path: Assets/Example04 - Links.unity
  artifactKey: Guid(6c3391d23674c2345b1108e82c422e4a) Importer(815301076,1909f56bfc062723c751e8b465ee728b)
Start importing Assets/Example04 - Links.unity using Guid(6c3391d23674c2345b1108e82c422e4a) Importer(815301076,1909f56bfc062723c751e8b465ee728b)  -> (artifact id: '27c19af503025da4726643c173a6de39') in 0.006293 seconds 
========================================================================
Received Import Request.
  Time since last request: 2.370760 seconds.
  path: Assets/Example05 - LowMan.unity
  artifactKey: Guid(75e05c5681f54c84d92c7fcf306ce093) Importer(815301076,1909f56bfc062723c751e8b465ee728b)
Start importing Assets/Example05 - LowMan.unity using Guid(75e05c5681f54c84d92c7fcf306ce093) Importer(815301076,1909f56bfc062723c751e8b465ee728b)  -> (artifact id: '93481dbf7f782663083430e88ffd2615') in 0.006058 seconds 
========================================================================
Received Prepare
Registering precompiled user dll's ...
Registered in 0.004548 seconds.
Begin MonoManager ReloadAssembly
Native extension for WindowsStandalone target not found
Refreshing native plugins compatible for Editor in 0.27 ms, found 2 plugins.
Preloading 0 native plugins for Editor in 0.00 ms.
Mono: successfully reloaded assembly
- Completed reload, in  0.938 seconds
Domain Reload Profiling:
	ReloadAssembly (939ms)
		BeginReloadAssembly (135ms)
			ExecutionOrderSort (0ms)
			DisableScriptedObjects (4ms)
			BackupInstance (0ms)
			ReleaseScriptingObjects (0ms)
			CreateAndSetChildDomain (39ms)
		EndReloadAssembly (744ms)
			LoadAssemblies (86ms)
			RebuildTransferFunctionScriptingTraits (0ms)
			SetupTypeCache (265ms)
			ReleaseScriptCaches (1ms)
			RebuildScriptCaches (38ms)
			SetupLoadedEditorAssemblies (265ms)
				LogAssemblyErrors (0ms)
				InitializePlatformSupportModulesInManaged (6ms)
				SetLoadedEditorAssemblies (0ms)
				RefreshPlugins (0ms)
				BeforeProcessingInitializeOnLoad (49ms)
				ProcessInitializeOnLoadAttributes (198ms)
				ProcessInitializeOnLoadMethodAttributes (4ms)
				AfterProcessingInitializeOnLoad (7ms)
				EditorAssembliesLoaded (0ms)
			ExecutionOrderSort2 (0ms)
			AwakeInstancesAfterBackupRestoration (7ms)
Platform modules already initialized, skipping
Refreshing native plugins compatible for Editor in 0.29 ms, found 2 plugins.
Preloading 0 native plugins for Editor in 0.00 ms.
Unloading 1429 Unused Serialized files (Serialized files now loaded: 0)
System memory in use before: 70.8 MB.
System memory in use after: 70.9 MB.

Unloading 11 unused Assets to reduce memory usage. Loaded Objects now: 1903.
Total: 3.217600 ms (FindLiveObjects: 0.187000 ms CreateObjectMapping: 0.083800 ms MarkObjects: 2.924500 ms  DeleteObjects: 0.021100 ms)

AssetImportParameters requested are different than current active one (requested -> active):
  custom:framework-win-MediaFoundation: 216162199b28c13a410421893ffa2e32 -> 
  custom:video-decoder-ogg-theora: a1e56fd34408186e4bbccfd4996cb3dc -> 
  custom:container-muxer-webm: aa71ff27fc2769a1b78a27578f13a17b -> 
  custom:container-demuxer-webm: 4f35f7cbe854078d1ac9338744f61a02 -> 
  custom:container-demuxer-ogg: 62fdf1f143b41e24485cea50d1cbac27 -> 
  custom:video-encoder-webm-vp8: eb34c28f22e8b96e1ab97ce403110664 -> 
  custom:video-codec-MediaFoundation-h265: 746d11721c4dcdbdad8f713fa42b33f4 -> 
  custom:video-decoder-webm-vp8: 9c59270c3fd7afecdb556c50c9e8de78 -> 
  custom:audio-decoder-ogg-vorbis: bf7c407c2cedff20999df2af8eb42d56 -> 
  custom:audio-encoder-webm-vorbis: bf7c407c2cedff20999df2af8eb42d56 -> 
AssetImportWorkerClient::OnTransportError - code=2 error=End of file
